<?xml version="1.0" encoding="UTF-8"?>
<!-- Generated by org.testng.reporters.JUnitReportReporter -->
<testsuite skipped="0" hostname="ArkaDey-PC" name="website.DashboardGetLatest" tests="1" failures="0" timestamp="23 Nov 2018 12:06:10 GMT" time="16.793" errors="0">
  <testcase name="getLatest" time="16.793" classname="website.DashboardGetLatest"/>
</testsuite> <!-- website.DashboardGetLatest -->
