<?xml version="1.0" encoding="UTF-8"?>
<!-- Generated by org.testng.reporters.JUnitReportReporter -->
<testsuite skipped="0" hostname="ArkaDey-PC" name="web.Methods" tests="1" failures="0" timestamp="12 Nov 2018 09:14:47 GMT" time="18.642" errors="0">
  <testcase name="login" time="18.642" classname="web.Methods"/>
</testsuite> <!-- web.Methods -->
