<?xml version="1.0" encoding="UTF-8"?>
<!-- Generated by org.testng.reporters.JUnitReportReporter -->
<testsuite skipped="0" hostname="ArkaDey-PC" name="website.MethodsofCSoft" tests="1" failures="0" timestamp="22 Nov 2018 12:03:55 GMT" time="14.714" errors="0">
  <testcase name="loginSuperadmin2" time="14.714" classname="website.MethodsofCSoft"/>
</testsuite> <!-- website.MethodsofCSoft -->
