<?xml version="1.0" encoding="UTF-8"?>
<!-- Generated by org.testng.reporters.JUnitReportReporter -->
<testsuite skipped="0" hostname="ArkaDey-PC" name="test" tests="1" failures="0" timestamp="14 Nov 2018 12:09:28 GMT" time="7.895" errors="0">
  <testcase name="login1" time="7.895" classname="test"/>
</testsuite> <!-- test -->
