<?xml version="1.0" encoding="UTF-8"?>
<!-- Generated by org.testng.reporters.JUnitReportReporter -->
<testsuite skipped="0" hostname="ArkaDey-PC" name="eda6.Department" tests="1" failures="0" timestamp="20 Nov 2018 14:49:00 GMT" time="36.227" errors="0">
  <testcase name="AddExistDepartment" time="36.227" classname="eda6.Department"/>
</testsuite> <!-- eda6.Department -->
