<?xml version="1.0" encoding="UTF-8"?>
<!-- Generated by org.testng.reporters.JUnitReportReporter -->
<testsuite skipped="0" hostname="ArkaDey-PC" name="eda6.Login" tests="1" failures="0" timestamp="15 Nov 2018 12:10:28 GMT" time="28.670" errors="0">
  <testcase name="LandingPage" time="28.670" classname="eda6.Login"/>
</testsuite> <!-- eda6.Login -->
