<?xml version="1.0" encoding="UTF-8"?>
<!-- Generated by org.testng.reporters.JUnitReportReporter -->
<testsuite skipped="0" hostname="ArkaDey-PC" name="web.PlaceOrder" tests="1" failures="0" timestamp="15 Nov 2018 08:35:23 GMT" time="31.690" errors="0">
  <testcase name="NewOrder" time="31.690" classname="web.PlaceOrder"/>
</testsuite> <!-- web.PlaceOrder -->
